<?xml version="1.0" encoding="UTF-8"?>
<testsuite name="com.kodilla.stream.world.WorlPeopleQuantityTestCase" tests="1" skipped="0" failures="0" errors="0" timestamp="2018-08-12T13:22:29" hostname="Laptop-Komputer" time="0.004">
  <properties/>
  <testcase name="testGetPeopleQuantity" classname="com.kodilla.stream.world.WorlPeopleQuantityTestCase" time="0.004"/>
  <system-out><![CDATA[]]></system-out>
  <system-err><![CDATA[]]></system-err>
</testsuite>
