<?xml version="1.0" encoding="UTF-8"?>
<testsuite name="com.kodilla.stream.world.WorlPeopleQuantityTestCase" tests="1" skipped="0" failures="0" errors="0" timestamp="2018-08-02T00:27:35" hostname="Laptop-Komputer" time="0.006">
  <properties/>
  <testcase name="testGetPeopleQuantity" classname="com.kodilla.stream.world.WorlPeopleQuantityTestCase" time="0.006"/>
  <system-out><![CDATA[]]></system-out>
  <system-err><![CDATA[]]></system-err>
</testsuite>
