<?xml version="1.0" encoding="UTF-8"?>
<testsuite name="com.kodilla.testing.collection.CollectionTestSuite" tests="2" skipped="0" failures="0" errors="0" timestamp="2018-08-12T13:22:33" hostname="Laptop-Komputer" time="0.011">
  <properties/>
  <testcase name="testOddNumbersExterminatorEmptyList" classname="com.kodilla.testing.collection.CollectionTestSuite" time="0.008"/>
  <testcase name="testOddNumbersExterminatorNormalList" classname="com.kodilla.testing.collection.CollectionTestSuite" time="0.003"/>
  <system-out><![CDATA[Test Suite: begin
Test Case: begin
Size of fewNumbers list: 10
Size of evenNumbers list: 1
Odd number has been exterminated
Size of evenNumbers list: 1
Size of evenNumbers list: 2
Odd number has been exterminated
Size of evenNumbers list: 2
Size of evenNumbers list: 3
Odd number has been exterminated
Size of evenNumbers list: 3
Size of evenNumbers list: 4
Odd number has been exterminated
Size of evenNumbers list: 4
Size of evenNumbers list: 5
Odd number has been exterminated
Size of evenNumbers list: 5
Test Case: end
Test Case: begin
Size of fewNumbers list: 10
Size of evenNumbers list: 1
Odd number has been exterminated
Size of evenNumbers list: 1
Size of evenNumbers list: 2
Odd number has been exterminated
Size of evenNumbers list: 2
Size of evenNumbers list: 3
Odd number has been exterminated
Size of evenNumbers list: 3
Size of evenNumbers list: 4
Odd number has been exterminated
Size of evenNumbers list: 4
Size of evenNumbers list: 5
Odd number has been exterminated
Size of evenNumbers list: 5
Number is even. Test result: OK
Number is even. Test result: OK
Number is even. Test result: OK
Number is even. Test result: OK
Number is even. Test result: OK
Test Case: end
Test Suite: end
]]></system-out>
  <system-err><![CDATA[]]></system-err>
</testsuite>
