<?xml version="1.0" encoding="UTF-8"?>
<testsuite name="com.kodilla.testing.forum.statistics.ForumStatsCalculatorTestSuite" tests="7" skipped="0" failures="0" errors="0" timestamp="2018-08-12T13:22:33" hostname="Laptop-Komputer" time="0.311">
  <properties/>
  <testcase name="testFirstCalculateAdvStatistics" classname="com.kodilla.testing.forum.statistics.ForumStatsCalculatorTestSuite" time="0.302"/>
  <testcase name="testFourthCalculateAdvStatistics" classname="com.kodilla.testing.forum.statistics.ForumStatsCalculatorTestSuite" time="0.002"/>
  <testcase name="testFifthCalculateAdvStatistics" classname="com.kodilla.testing.forum.statistics.ForumStatsCalculatorTestSuite" time="0.001"/>
  <testcase name="testSecondCalculateAdvStatistics" classname="com.kodilla.testing.forum.statistics.ForumStatsCalculatorTestSuite" time="0.001"/>
  <testcase name="testSixthCalculateAdvStatistics" classname="com.kodilla.testing.forum.statistics.ForumStatsCalculatorTestSuite" time="0.001"/>
  <testcase name="testSeventhCalculateAdvStatistics" classname="com.kodilla.testing.forum.statistics.ForumStatsCalculatorTestSuite" time="0.002"/>
  <testcase name="testThirdCalculateAdvStatistics" classname="com.kodilla.testing.forum.statistics.ForumStatsCalculatorTestSuite" time="0.001"/>
  <system-out><![CDATA[]]></system-out>
  <system-err><![CDATA[]]></system-err>
</testsuite>
