<?xml version="1.0" encoding="UTF-8"?>
<testsuite name="com.kodilla.patterns.builder.bigmac.BigmacTestSuite" tests="1" skipped="0" failures="0" errors="0" timestamp="2018-08-30T21:16:51" hostname="Laptop-Komputer" time="0.036">
  <properties/>
  <testcase name="testBigmacNew" classname="com.kodilla.patterns.builder.bigmac.BigmacTestSuite" time="0.036"/>
  <system-out><![CDATA[Bigmac{bun='Bun with sesame', burgers=3, ingredients=[becon, prowns, onion, salad, pickles]}
]]></system-out>
  <system-err><![CDATA[]]></system-err>
</testsuite>
